This is pdfTeX, Version 3.141592653-2.6-1.40.25 (MiKTeX 24.1) (preloaded format=pdflatex 2025.4.30)  18 SEP 2025 08:57
entering extended mode
 restricted \write18 enabled.
 %&-line parsing enabled.
**./chapter3.tex
(chapter3.tex
LaTeX2e <2023-11-01> patch level 1
L3 programming layer <2024-01-04>
! Undefined control sequence.
l.1 \chapter
            {Primo penetration test}
The control sequence at the end of the top line
of your error message was never \def'ed. If you have
misspelled it (e.g., `\hobx'), type `I' and the correct
spelling (e.g., `I\hbox'). Otherwise just continue,
and I'll forget about whatever was undefined.


! LaTeX Error: Missing \begin{document}.

See the LaTeX manual or LaTeX Companion for explanation.
Type  H <return>  for immediate help.
 ...                                              
                                                  
l.1 \chapter{P
              rimo penetration test}
You're in trouble here.  Try typing  <return>  to proceed.
If that doesn't work, type  X <return>  to quit.

Missing character: There is no P in font nullfont!
Missing character: There is no r in font nullfont!
Missing character: There is no i in font nullfont!
Missing character: There is no m in font nullfont!
Missing character: There is no o in font nullfont!
Missing character: There is no p in font nullfont!
Missing character: There is no e in font nullfont!
Missing character: There is no n in font nullfont!
Missing character: There is no e in font nullfont!
Missing character: There is no t in font nullfont!
Missing character: There is no r in font nullfont!
Missing character: There is no a in font nullfont!
Missing character: There is no t in font nullfont!
Missing character: There is no i in font nullfont!
Missing character: There is no o in font nullfont!
Missing character: There is no n in font nullfont!
Missing character: There is no t in font nullfont!
Missing character: There is no e in font nullfont!
Missing character: There is no s in font nullfont!
Missing character: There is no t in font nullfont!

Overfull \hbox (20.0pt too wide) in paragraph at lines 1--2
[]
 []


! LaTeX Error: Environment preamble undefined.

See the LaTeX manual or LaTeX Companion for explanation.
Type  H <return>  for immediate help.
 ...                                              
                                                  
l.3 \begin{preamble}
                    
Your command was ignored.
Type  I <command> <return>  to replace it with another command,
or  <return>  to continue without it.


! LaTeX Error: Missing \begin{document}.

See the LaTeX manual or LaTeX Companion for explanation.
Type  H <return>  for immediate help.
 ...                                              
                                                  
l.4 	{\em I
           n questo capitolo saranno discusse le varie fasi del primo penetr...

You're in trouble here.  Try typing  <return>  to proceed.
If that doesn't work, type  X <return>  to quit.


! LaTeX Error: \begin{document} ended by \end{preamble}.

See the LaTeX manual or LaTeX Companion for explanation.
Type  H <return>  for immediate help.
 ...                                              
                                                  
l.5 \end{preamble}
                  
Your command was ignored.
Type  I <command> <return>  to replace it with another command,
or  <return>  to continue without it.


Overfull \hbox (29.47772pt too wide) in paragraph at lines 4--6
[]\OT1/cmr/m/it/10 In
 []


Overfull \hbox (27.0887pt too wide) in paragraph at lines 4--6
\OT1/cmr/m/it/10 questo
 []


Overfull \hbox (20.9554pt too wide) in paragraph at lines 4--6
\OT1/cmr/m/it/10 capi-
 []


Overfull \hbox (16.0999pt too wide) in paragraph at lines 4--6
\OT1/cmr/m/it/10 tolo
 []


Overfull \hbox (34.37201pt too wide) in paragraph at lines 4--6
\OT1/cmr/m/it/10 saranno
 []


Overfull \hbox (15.84435pt too wide) in paragraph at lines 4--6
\OT1/cmr/m/it/10 dis-
 []


Overfull \hbox (22.7443pt too wide) in paragraph at lines 4--6
\OT1/cmr/m/it/10 cusse
 []


Overfull \hbox (7.1555pt too wide) in paragraph at lines 4--6
\OT1/cmr/m/it/10 le
 []


Overfull \hbox (21.59428pt too wide) in paragraph at lines 4--6
\OT1/cmr/m/it/10 varie
 []


Overfull \hbox (15.33325pt too wide) in paragraph at lines 4--6
\OT1/cmr/m/it/10 fasi
 []


Overfull \hbox (12.26659pt too wide) in paragraph at lines 4--6
\OT1/cmr/m/it/10 del
 []


Overfull \hbox (25.68318pt too wide) in paragraph at lines 4--6
\OT1/cmr/m/it/10 primo
 []


Overfull \hbox (18.39986pt too wide) in paragraph at lines 4--6
\OT1/cmr/m/it/10 pen-
 []


Overfull \hbox (8.1777pt too wide) in paragraph at lines 4--6
\OT1/cmr/m/it/10 e-
 []


Overfull \hbox (15.71652pt too wide) in paragraph at lines 4--6
\OT1/cmr/m/it/10 tra-
 []


Overfull \hbox (17.12212pt too wide) in paragraph at lines 4--6
\OT1/cmr/m/it/10 tion
 []


Overfull \hbox (15.3332pt too wide) in paragraph at lines 4--6
\OT1/cmr/m/it/10 test
 []


Overfull \hbox (18.39986pt too wide) in paragraph at lines 4--6
\OT1/cmr/m/it/10 con-
 []


Overfull \hbox (21.97763pt too wide) in paragraph at lines 4--6
\OT1/cmr/m/it/10 dotto
 []


Overfull \hbox (20.18878pt too wide) in paragraph at lines 4--6
\OT1/cmr/m/it/10 sulla
 []


Overfull \hbox (40.88863pt too wide) in paragraph at lines 4--6
\OT1/cmr/m/it/10 macchina
 []


Overfull \hbox (14.97209pt too wide) in paragraph at lines 4--6
\OT1/cmr/m/it/10 Ar-
 []


Overfull \hbox (9.96658pt too wide) in paragraph at lines 4--6
\OT1/cmr/m/it/10 ti-
 []


Overfull \hbox (9.19994pt too wide) in paragraph at lines 4--6
\OT1/cmr/m/it/10 fi-
 []


Overfull \hbox (15.33324pt too wide) in paragraph at lines 4--6
\OT1/cmr/m/it/10 cial
 []


Overfull \hbox (12.26659pt too wide) in paragraph at lines 4--6
\OT1/cmr/m/it/10 del
 []


Overfull \hbox (32.83867pt too wide) in paragraph at lines 4--6
\OT1/cmr/m/it/10 servizio
 []


Overfull \hbox (21.7443pt too wide) in paragraph at lines 4--6
\OT1/cmr/m/it/10 Hack
 []


Overfull \hbox (16.86655pt too wide) in paragraph at lines 4--6
\OT1/cmr/m/it/10 The
 []


Overfull \hbox (19.85545pt too wide) in paragraph at lines 4--6
\OT1/cmr/m/it/10 Box.
 []

! Undefined control sequence.
l.7 \section
            {Presentazione della macchina}
The control sequence at the end of the top line
of your error message was never \def'ed. If you have
misspelled it (e.g., `\hobx'), type `I' and the correct
spelling (e.g., `I\hbox'). Otherwise just continue,
and I'll forget about whatever was undefined.


! LaTeX Error: Missing \begin{document}.

See the LaTeX manual or LaTeX Companion for explanation.
Type  H <return>  for immediate help.
 ...                                              
                                                  
l.7 \section{P
              resentazione della macchina}
You're in trouble here.  Try typing  <return>  to proceed.
If that doesn't work, type  X <return>  to quit.

Missing character: There is no P in font nullfont!
Missing character: There is no r in font nullfont!
Missing character: There is no e in font nullfont!
Missing character: There is no s in font nullfont!
Missing character: There is no e in font nullfont!
Missing character: There is no n in font nullfont!
Missing character: There is no t in font nullfont!
Missing character: There is no a in font nullfont!
Missing character: There is no z in font nullfont!
Missing character: There is no i in font nullfont!
Missing character: There is no o in font nullfont!
Missing character: There is no n in font nullfont!
Missing character: There is no e in font nullfont!
Missing character: There is no d in font nullfont!
Missing character: There is no e in font nullfont!
Missing character: There is no l in font nullfont!
Missing character: There is no l in font nullfont!
Missing character: There is no a in font nullfont!
Missing character: There is no m in font nullfont!
Missing character: There is no a in font nullfont!
Missing character: There is no c in font nullfont!
Missing character: There is no c in font nullfont!
Missing character: There is no h in font nullfont!
Missing character: There is no i in font nullfont!
Missing character: There is no n in font nullfont!
Missing character: There is no a in font nullfont!

Overfull \hbox (20.0pt too wide) in paragraph at lines 7--8
[]
 []

! Undefined control sequence.
l.9 \section
            {Information gathering}
The control sequence at the end of the top line
of your error message was never \def'ed. If you have
misspelled it (e.g., `\hobx'), type `I' and the correct
spelling (e.g., `I\hbox'). Otherwise just continue,
and I'll forget about whatever was undefined.


! LaTeX Error: Missing \begin{document}.

See the LaTeX manual or LaTeX Companion for explanation.
Type  H <return>  for immediate help.
 ...                                              
                                                  
l.9 \section{I
              nformation gathering}
You're in trouble here.  Try typing  <return>  to proceed.
If that doesn't work, type  X <return>  to quit.

Missing character: There is no I in font nullfont!
Missing character: There is no n in font nullfont!
Missing character: There is no f in font nullfont!
Missing character: There is no o in font nullfont!
Missing character: There is no r in font nullfont!
Missing character: There is no m in font nullfont!
Missing character: There is no a in font nullfont!
Missing character: There is no t in font nullfont!
Missing character: There is no i in font nullfont!
Missing character: There is no o in font nullfont!
Missing character: There is no n in font nullfont!
Missing character: There is no g in font nullfont!
Missing character: There is no a in font nullfont!
Missing character: There is no t in font nullfont!
Missing character: There is no h in font nullfont!
Missing character: There is no e in font nullfont!
Missing character: There is no r in font nullfont!
Missing character: There is no i in font nullfont!
Missing character: There is no n in font nullfont!
Missing character: There is no g in font nullfont!

Overfull \hbox (20.0pt too wide) in paragraph at lines 9--10
[]
 []

! Undefined control sequence.
l.11 \section
             {Exploitation}
The control sequence at the end of the top line
of your error message was never \def'ed. If you have
misspelled it (e.g., `\hobx'), type `I' and the correct
spelling (e.g., `I\hbox'). Otherwise just continue,
and I'll forget about whatever was undefined.


! LaTeX Error: Missing \begin{document}.

See the LaTeX manual or LaTeX Companion for explanation.
Type  H <return>  for immediate help.
 ...                                              
                                                  
l.11 \section{E
               xploitation}
You're in trouble here.  Try typing  <return>  to proceed.
If that doesn't work, type  X <return>  to quit.

Missing character: There is no E in font nullfont!
Missing character: There is no x in font nullfont!
Missing character: There is no p in font nullfont!
Missing character: There is no l in font nullfont!
Missing character: There is no o in font nullfont!
Missing character: There is no i in font nullfont!
Missing character: There is no t in font nullfont!
Missing character: There is no a in font nullfont!
Missing character: There is no t in font nullfont!
Missing character: There is no i in font nullfont!
Missing character: There is no o in font nullfont!
Missing character: There is no n in font nullfont!

Overfull \hbox (20.0pt too wide) in paragraph at lines 11--12
[] 
 []

! Undefined control sequence.
l.13 \section
             {Post exploitation}
The control sequence at the end of the top line
of your error message was never \def'ed. If you have
misspelled it (e.g., `\hobx'), type `I' and the correct
spelling (e.g., `I\hbox'). Otherwise just continue,
and I'll forget about whatever was undefined.


! LaTeX Error: Missing \begin{document}.

See the LaTeX manual or LaTeX Companion for explanation.
Type  H <return>  for immediate help.
 ...                                              
                                                  
l.13 \section{P
               ost exploitation}
You're in trouble here.  Try typing  <return>  to proceed.
If that doesn't work, type  X <return>  to quit.

Missing character: There is no P in font nullfont!
Missing character: There is no o in font nullfont!
Missing character: There is no s in font nullfont!
Missing character: There is no t in font nullfont!
Missing character: There is no e in font nullfont!
Missing character: There is no x in font nullfont!
Missing character: There is no p in font nullfont!
Missing character: There is no l in font nullfont!
Missing character: There is no o in font nullfont!
Missing character: There is no i in font nullfont!
Missing character: There is no t in font nullfont!
Missing character: There is no a in font nullfont!
Missing character: There is no t in font nullfont!
Missing character: There is no i in font nullfont!
Missing character: There is no o in font nullfont!
Missing character: There is no n in font nullfont!

Overfull \hbox (20.0pt too wide) in paragraph at lines 13--14
[]
 []

! Undefined control sequence.
l.15 \section
             {Consclusioni}
The control sequence at the end of the top line
of your error message was never \def'ed. If you have
misspelled it (e.g., `\hobx'), type `I' and the correct
spelling (e.g., `I\hbox'). Otherwise just continue,
and I'll forget about whatever was undefined.


! LaTeX Error: Missing \begin{document}.

See the LaTeX manual or LaTeX Companion for explanation.
Type  H <return>  for immediate help.
 ...                                              
                                                  
l.15 \section{C
               onsclusioni}
You're in trouble here.  Try typing  <return>  to proceed.
If that doesn't work, type  X <return>  to quit.

Missing character: There is no C in font nullfont!
Missing character: There is no o in font nullfont!
Missing character: There is no n in font nullfont!
Missing character: There is no s in font nullfont!
Missing character: There is no c in font nullfont!
Missing character: There is no l in font nullfont!
Missing character: There is no u in font nullfont!
Missing character: There is no s in font nullfont!
Missing character: There is no i in font nullfont!
Missing character: There is no o in font nullfont!
Missing character: There is no n in font nullfont!
Missing character: There is no i in font nullfont!
)
! Emergency stop.
<*> ./chapter3.tex
                  
*** (job aborted, no legal \end found)

 
Here is how much of TeX's memory you used:
 24 strings out of 474486
 577 string characters out of 5743755
 1925542 words of memory out of 5000000
 22409 multiletter control sequences out of 15000+600000
 558415 words of font info for 37 fonts, out of 8000000 for 9000
 1141 hyphenation exceptions out of 8191
 15i,0n,20p,195b,53s stack positions out of 10000i,1000n,20000p,200000b,200000s
!  ==> Fatal error occurred, no output PDF file produced!
